<?xml version="1.0" encoding="UTF-8"?>
<!-- Generated by org.testng.reporters.JUnitReportReporter -->
<testsuite skipped="0" hostname="user-PC" name="com.crm.qa.testcases.LoginPageTest" tests="3" failures="0" timestamp="23 May 2019 02:04:15 GMT" time="113.525" errors="0">
  <testcase name="loginPageTitleTest" time="54.979" classname="com.crm.qa.testcases.LoginPageTest"/>
  <testcase name="CRMImageLogoTest" time="28.838" classname="com.crm.qa.testcases.LoginPageTest"/>
  <testcase name="loginTest" time="29.708" classname="com.crm.qa.testcases.LoginPageTest"/>
</testsuite> <!-- com.crm.qa.testcases.LoginPageTest -->
